app/build/intermediates/manifest_merge_blame_file/standardRelease/manifest-merger-blame-standard-release-report.txt
1<?xml version="1.0" encoding="utf-8"?>
2<manifest xmlns:android="http://schemas.android.com/apk/res/android"
3    package="com.blog.ljtatum.androidx"
4    android:versionCode="6"
5    android:versionName="1.0.5" >
6
7    <uses-sdk
8        android:minSdkVersion="19"
8-->src\main\AndroidManifest.xml
9        android:targetSdkVersion="29" />
9-->src\main\AndroidManifest.xml
10
11    <uses-permission android:name="android.permission.INTERNET" />
11-->src\main\AndroidManifest.xml:5:5-67
11-->src\main\AndroidManifest.xml:5:22-64
12    <uses-permission android:name="android.permission.ACCESS_NETWORK_STATE" />
12-->src\main\AndroidManifest.xml:6:5-79
12-->src\main\AndroidManifest.xml:6:22-76
13    <uses-permission android:name="android.permission.ACCESS_WIFI_STATE" />
13-->src\main\AndroidManifest.xml:7:5-76
13-->src\main\AndroidManifest.xml:7:22-73
14    <uses-permission android:name="android.permission.SYSTEM_ALERT_WINDOW" />
14-->src\main\AndroidManifest.xml:8:5-78
14-->src\main\AndroidManifest.xml:8:22-75
15    <uses-permission android:name="android.permission.SYSTEM_OVERLAY_WINDOW" />
15-->src\main\AndroidManifest.xml:9:5-80
15-->src\main\AndroidManifest.xml:9:22-77
16
17    <supports-screens
17-->src\main\AndroidManifest.xml:11:5-16:41
18        android:anyDensity="true"
18-->src\main\AndroidManifest.xml:12:9-34
19        android:largeScreens="true"
19-->src\main\AndroidManifest.xml:13:9-36
20        android:normalScreens="true"
20-->src\main\AndroidManifest.xml:14:9-37
21        android:smallScreens="true"
21-->src\main\AndroidManifest.xml:15:9-36
22        android:xlargeScreens="false" />
22-->src\main\AndroidManifest.xml:16:9-38
23
24    <uses-permission android:name="android.permission.READ_PHONE_STATE" />
24-->[:ApplicationFramework] AndroidManifest.xml:14:5-75
24-->[:ApplicationFramework] AndroidManifest.xml:14:22-72
25
26    <uses-feature
26-->[com.google.android.gms:play-services-maps:17.0.0] AndroidManifest.xml:26:5-28:35
27        android:glEsVersion="0x00020000"
27-->[com.google.android.gms:play-services-maps:17.0.0] AndroidManifest.xml:27:9-41
28        android:required="true" />
28-->[com.google.android.gms:play-services-maps:17.0.0] AndroidManifest.xml:28:9-32
29
30    <uses-permission android:name="android.permission.WAKE_LOCK" /> <!-- Required by older versions of Google Play services to create IID tokens -->
30-->[com.google.android.gms:play-services-measurement-api:17.2.1] AndroidManifest.xml:24:5-68
30-->[com.google.android.gms:play-services-measurement-api:17.2.1] AndroidManifest.xml:24:22-65
31    <uses-permission android:name="com.google.android.c2dm.permission.RECEIVE" />
31-->[com.google.firebase:firebase-iid:19.0.0] AndroidManifest.xml:26:5-82
31-->[com.google.firebase:firebase-iid:19.0.0] AndroidManifest.xml:26:22-79
32    <uses-permission android:name="com.google.android.finsky.permission.BIND_GET_INSTALL_REFERRER_SERVICE" />
32-->[com.google.android.gms:play-services-measurement:17.2.1] AndroidManifest.xml:26:5-110
32-->[com.google.android.gms:play-services-measurement:17.2.1] AndroidManifest.xml:26:22-107
33
34    <application
34-->src\main\AndroidManifest.xml:18:5-59:19
35        android:name="com.blog.ljtatum.androidx.application.AndroidXApplication"
35-->src\main\AndroidManifest.xml:19:9-56
36        android:allowBackup="false"
36-->src\main\AndroidManifest.xml:20:9-36
37        android:appComponentFactory="androidx.core.app.CoreComponentFactory"
37-->[androidx.core:core:1.0.0] AndroidManifest.xml:22:18-86
38        android:icon="@mipmap/ic_launcher"
38-->src\main\AndroidManifest.xml:21:9-43
39        android:label="@string/app_name"
39-->src\main\AndroidManifest.xml:22:9-41
40        android:roundIcon="@mipmap/ic_launcher_round"
40-->src\main\AndroidManifest.xml:23:9-54
41        android:supportsRtl="true"
41-->src\main\AndroidManifest.xml:24:9-35
42        android:theme="@style/AppTheme" >
42-->src\main\AndroidManifest.xml:25:9-40
43
44        <!-- activities -->
45        <activity
45-->src\main\AndroidManifest.xml:28:9-37:20
46            android:name="com.blog.ljtatum.androidx.activity.MainActivity"
46-->src\main\AndroidManifest.xml:29:13-50
47            android:screenOrientation="portrait" >
47-->src\main\AndroidManifest.xml:30:13-49
48            <intent-filter>
48-->src\main\AndroidManifest.xml:32:13-36:29
49                <action android:name="android.intent.action.MAIN" />
49-->src\main\AndroidManifest.xml:33:17-69
49-->src\main\AndroidManifest.xml:33:25-66
50
51                <category android:name="android.intent.category.LAUNCHER" />
51-->src\main\AndroidManifest.xml:35:17-77
51-->src\main\AndroidManifest.xml:35:27-74
52            </intent-filter>
53        </activity>
54
55        <!-- services -->
56        <service android:name="com.blog.ljtatum.androidx.service.iPhoneNotchService" />
56-->src\main\AndroidManifest.xml:40:9-63
56-->src\main\AndroidManifest.xml:40:18-60
57
58        <!-- adMob requirements -->
59        <activity
59-->src\main\AndroidManifest.xml:43:9-45:125
60            android:name="com.google.android.gms.ads.AdActivity"
60-->src\main\AndroidManifest.xml:44:13-65
61            android:configChanges="keyboard|keyboardHidden|orientation|screenLayout|uiMode|screenSize|smallestScreenSize"
61-->src\main\AndroidManifest.xml:45:13-122
62            android:exported="false"
62-->[com.google.android.gms:play-services-ads-lite:18.3.0] AndroidManifest.xml:32:13-37
63            android:theme="@android:style/Theme.Translucent" />
63-->[com.google.android.gms:play-services-ads-lite:18.3.0] AndroidManifest.xml:33:13-61
64
65        <!-- meta data -->
66        <meta-data
66-->src\main\AndroidManifest.xml:48:9-50:61
67            android:name="com.google.android.gms.ads.APPLICATION_ID"
67-->src\main\AndroidManifest.xml:49:13-69
68            android:value="@string/ad_banner_id_manifest" />
68-->src\main\AndroidManifest.xml:50:13-58
69        <meta-data
69-->src\main\AndroidManifest.xml:52:9-54:69
70            android:name="com.google.android.gms.version"
70-->src\main\AndroidManifest.xml:53:13-58
71            android:value="@integer/google_play_services_version" />
71-->src\main\AndroidManifest.xml:54:13-66
72        <meta-data
72-->src\main\AndroidManifest.xml:56:9-58:72
73            android:name="io.fabric.ApiKey"
73-->src\main\AndroidManifest.xml:57:13-44
74            android:value="2dd268227be5cc88d73e27fe02860f133b7bd734" />
74-->src\main\AndroidManifest.xml:58:13-69
75
76        <activity
76-->[com.facebook.android:facebook-common:4.31.0] AndroidManifest.xml:29:9-32:66
77            android:name="com.facebook.FacebookActivity"
77-->[com.facebook.android:facebook-common:4.31.0] AndroidManifest.xml:30:13-57
78            android:configChanges="keyboard|keyboardHidden|screenLayout|screenSize|orientation"
78-->[com.facebook.android:facebook-common:4.31.0] AndroidManifest.xml:31:13-96
79            android:theme="@style/com_facebook_activity_theme" />
79-->[com.facebook.android:facebook-common:4.31.0] AndroidManifest.xml:32:13-63
80        <activity android:name="com.facebook.CustomTabMainActivity" />
80-->[com.facebook.android:facebook-common:4.31.0] AndroidManifest.xml:33:9-71
80-->[com.facebook.android:facebook-common:4.31.0] AndroidManifest.xml:33:19-68
81
82        <service
82-->[com.google.firebase:firebase-database:19.2.0] AndroidManifest.xml:29:9-35:19
83            android:name="com.google.firebase.components.ComponentDiscoveryService"
83-->[com.google.firebase:firebase-database:19.2.0] AndroidManifest.xml:30:13-84
84            android:directBootAware="true"
84-->[com.google.firebase:firebase-common:19.3.0] AndroidManifest.xml:34:13-43
85            android:exported="false" >
85-->[com.google.firebase:firebase-database:19.2.0] AndroidManifest.xml:31:13-37
86            <meta-data
86-->[com.google.firebase:firebase-database:19.2.0] AndroidManifest.xml:32:13-34:85
87                android:name="com.google.firebase.components:com.google.firebase.database.DatabaseRegistrar"
87-->[com.google.firebase:firebase-database:19.2.0] AndroidManifest.xml:33:17-109
88                android:value="com.google.firebase.components.ComponentRegistrar" />
88-->[com.google.firebase:firebase-database:19.2.0] AndroidManifest.xml:34:17-82
89            <meta-data
89-->[com.google.firebase:firebase-auth:19.2.0] AndroidManifest.xml:36:13-38:85
90                android:name="com.google.firebase.components:com.google.firebase.auth.FirebaseAuthRegistrar"
90-->[com.google.firebase:firebase-auth:19.2.0] AndroidManifest.xml:37:17-109
91                android:value="com.google.firebase.components.ComponentRegistrar" />
91-->[com.google.firebase:firebase-auth:19.2.0] AndroidManifest.xml:38:17-82
92            <meta-data
92-->[com.google.android.gms:play-services-measurement-api:17.2.1] AndroidManifest.xml:30:13-32:85
93                android:name="com.google.firebase.components:com.google.firebase.analytics.connector.internal.AnalyticsConnectorRegistrar"
93-->[com.google.android.gms:play-services-measurement-api:17.2.1] AndroidManifest.xml:31:17-139
94                android:value="com.google.firebase.components.ComponentRegistrar" />
94-->[com.google.android.gms:play-services-measurement-api:17.2.1] AndroidManifest.xml:32:17-82
95            <meta-data
95-->[com.google.firebase:firebase-iid:19.0.0] AndroidManifest.xml:32:13-34:85
96                android:name="com.google.firebase.components:com.google.firebase.iid.Registrar"
96-->[com.google.firebase:firebase-iid:19.0.0] AndroidManifest.xml:33:17-96
97                android:value="com.google.firebase.components.ComponentRegistrar" />
97-->[com.google.firebase:firebase-iid:19.0.0] AndroidManifest.xml:34:17-82
98        </service> <!-- Needs to be explicitly declared on P+ -->
99        <uses-library
99-->[com.google.android.gms:play-services-maps:17.0.0] AndroidManifest.xml:33:9-35:40
100            android:name="org.apache.http.legacy"
100-->[com.google.android.gms:play-services-maps:17.0.0] AndroidManifest.xml:34:13-50
101            android:required="false" />
101-->[com.google.android.gms:play-services-maps:17.0.0] AndroidManifest.xml:35:13-37
102
103        <activity
103-->[com.google.firebase:firebase-auth:19.2.0] AndroidManifest.xml:24:9-31:50
104            android:name="com.google.firebase.auth.internal.FederatedSignInActivity"
104-->[com.google.firebase:firebase-auth:19.2.0] AndroidManifest.xml:25:13-85
105            android:excludeFromRecents="true"
105-->[com.google.firebase:firebase-auth:19.2.0] AndroidManifest.xml:26:13-46
106            android:exported="true"
106-->[com.google.firebase:firebase-auth:19.2.0] AndroidManifest.xml:27:13-36
107            android:launchMode="singleTask"
107-->[com.google.firebase:firebase-auth:19.2.0] AndroidManifest.xml:28:13-44
108            android:permission="com.google.firebase.auth.api.gms.permission.LAUNCH_FEDERATED_SIGN_IN"
108-->[com.google.firebase:firebase-auth:19.2.0] AndroidManifest.xml:29:13-102
109            android:theme="@android:style/Theme.Translucent.NoTitleBar" />
109-->[com.google.firebase:firebase-auth:19.2.0] AndroidManifest.xml:30:13-72
110
111        <receiver
111-->[com.google.firebase:firebase-iid:19.0.0] AndroidManifest.xml:37:9-44:20
112            android:name="com.google.firebase.iid.FirebaseInstanceIdReceiver"
112-->[com.google.firebase:firebase-iid:19.0.0] AndroidManifest.xml:38:13-78
113            android:exported="true"
113-->[com.google.firebase:firebase-iid:19.0.0] AndroidManifest.xml:39:13-36
114            android:permission="com.google.android.c2dm.permission.SEND" >
114-->[com.google.firebase:firebase-iid:19.0.0] AndroidManifest.xml:40:13-73
115            <intent-filter>
115-->[com.google.firebase:firebase-iid:19.0.0] AndroidManifest.xml:41:13-43:29
116                <action android:name="com.google.android.c2dm.intent.RECEIVE" />
116-->[com.google.firebase:firebase-iid:19.0.0] AndroidManifest.xml:42:17-81
116-->[com.google.firebase:firebase-iid:19.0.0] AndroidManifest.xml:42:25-78
117            </intent-filter>
118        </receiver>
119
120        <activity
120-->[com.google.android.gms:play-services-base:17.1.0] AndroidManifest.xml:23:9-26:75
121            android:name="com.google.android.gms.common.api.GoogleApiActivity"
121-->[com.google.android.gms:play-services-base:17.1.0] AndroidManifest.xml:24:13-79
122            android:exported="false"
122-->[com.google.android.gms:play-services-base:17.1.0] AndroidManifest.xml:25:13-37
123            android:theme="@android:style/Theme.Translucent.NoTitleBar" />
123-->[com.google.android.gms:play-services-base:17.1.0] AndroidManifest.xml:26:13-72
124
125        <provider
125-->[com.google.firebase:firebase-common:19.3.0] AndroidManifest.xml:26:9-30:39
126            android:name="com.google.firebase.provider.FirebaseInitProvider"
126-->[com.google.firebase:firebase-common:19.3.0] AndroidManifest.xml:27:13-77
127            android:authorities="com.blog.ljtatum.androidx.firebaseinitprovider"
127-->[com.google.firebase:firebase-common:19.3.0] AndroidManifest.xml:28:13-72
128            android:exported="false"
128-->[com.google.firebase:firebase-common:19.3.0] AndroidManifest.xml:29:13-37
129            android:initOrder="100" />
129-->[com.google.firebase:firebase-common:19.3.0] AndroidManifest.xml:30:13-36
130
131        <receiver
131-->[com.google.android.gms:play-services-measurement:17.2.1] AndroidManifest.xml:29:9-33:20
132            android:name="com.google.android.gms.measurement.AppMeasurementReceiver"
132-->[com.google.android.gms:play-services-measurement:17.2.1] AndroidManifest.xml:30:13-85
133            android:enabled="true"
133-->[com.google.android.gms:play-services-measurement:17.2.1] AndroidManifest.xml:31:13-35
134            android:exported="false" >
134-->[com.google.android.gms:play-services-measurement:17.2.1] AndroidManifest.xml:32:13-37
135        </receiver>
136        <receiver
136-->[com.google.android.gms:play-services-measurement:17.2.1] AndroidManifest.xml:34:9-42:20
137            android:name="com.google.android.gms.measurement.AppMeasurementInstallReferrerReceiver"
137-->[com.google.android.gms:play-services-measurement:17.2.1] AndroidManifest.xml:35:13-100
138            android:enabled="true"
138-->[com.google.android.gms:play-services-measurement:17.2.1] AndroidManifest.xml:36:13-35
139            android:exported="true"
139-->[com.google.android.gms:play-services-measurement:17.2.1] AndroidManifest.xml:37:13-36
140            android:permission="android.permission.INSTALL_PACKAGES" >
140-->[com.google.android.gms:play-services-measurement:17.2.1] AndroidManifest.xml:38:13-69
141            <intent-filter>
141-->[com.google.android.gms:play-services-measurement:17.2.1] AndroidManifest.xml:39:13-41:29
142                <action android:name="com.android.vending.INSTALL_REFERRER" />
142-->[com.google.android.gms:play-services-measurement:17.2.1] AndroidManifest.xml:40:17-79
142-->[com.google.android.gms:play-services-measurement:17.2.1] AndroidManifest.xml:40:25-76
143            </intent-filter>
144        </receiver>
145
146        <service
146-->[com.google.android.gms:play-services-measurement:17.2.1] AndroidManifest.xml:44:9-47:40
147            android:name="com.google.android.gms.measurement.AppMeasurementService"
147-->[com.google.android.gms:play-services-measurement:17.2.1] AndroidManifest.xml:45:13-84
148            android:enabled="true"
148-->[com.google.android.gms:play-services-measurement:17.2.1] AndroidManifest.xml:46:13-35
149            android:exported="false" />
149-->[com.google.android.gms:play-services-measurement:17.2.1] AndroidManifest.xml:47:13-37
150        <service
150-->[com.google.android.gms:play-services-measurement:17.2.1] AndroidManifest.xml:48:9-52:72
151            android:name="com.google.android.gms.measurement.AppMeasurementJobService"
151-->[com.google.android.gms:play-services-measurement:17.2.1] AndroidManifest.xml:49:13-87
152            android:enabled="true"
152-->[com.google.android.gms:play-services-measurement:17.2.1] AndroidManifest.xml:50:13-35
153            android:exported="false"
153-->[com.google.android.gms:play-services-measurement:17.2.1] AndroidManifest.xml:51:13-37
154            android:permission="android.permission.BIND_JOB_SERVICE" />
154-->[com.google.android.gms:play-services-measurement:17.2.1] AndroidManifest.xml:52:13-69
155
156        <provider
156-->[com.google.android.gms:play-services-ads-lite:18.3.0] AndroidManifest.xml:35:9-39:39
157            android:name="com.google.android.gms.ads.MobileAdsInitProvider"
157-->[com.google.android.gms:play-services-ads-lite:18.3.0] AndroidManifest.xml:36:13-76
158            android:authorities="com.blog.ljtatum.androidx.mobileadsinitprovider"
158-->[com.google.android.gms:play-services-ads-lite:18.3.0] AndroidManifest.xml:37:13-73
159            android:exported="false"
159-->[com.google.android.gms:play-services-ads-lite:18.3.0] AndroidManifest.xml:38:13-37
160            android:initOrder="100" />
160-->[com.google.android.gms:play-services-ads-lite:18.3.0] AndroidManifest.xml:39:13-36
161        <!--
162         The initialization ContentProvider will call FacebookSdk.sdkInitialize automatically
163         with the application context. This config is merged in with the host app's manifest,
164         but there can only be one provider with the same authority activated at any given
165         point; so if the end user has two or more different apps that use Facebook SDK, only the
166         first one will be able to use the provider. To work around this problem, we use the
167         following placeholder in the authority to identify each host application as if it was
168         a completely different provider.
169        -->
170        <provider
170-->[com.facebook.android:facebook-core:4.31.0] AndroidManifest.xml:39:9-42:40
171            android:name="com.facebook.internal.FacebookInitProvider"
171-->[com.facebook.android:facebook-core:4.31.0] AndroidManifest.xml:40:13-70
172            android:authorities="com.blog.ljtatum.androidx.FacebookInitProvider"
172-->[com.facebook.android:facebook-core:4.31.0] AndroidManifest.xml:41:13-72
173            android:exported="false" />
173-->[com.facebook.android:facebook-core:4.31.0] AndroidManifest.xml:42:13-37
174    </application>
175
176</manifest>